<?xml version="1.0" encoding="UTF-8"?>
<!-- Generated by org.testng.reporters.JUnitXMLReporter -->
<testsuite ignored="2" hostname="DESKTOP-A9GEUTV" failures="10" tests="36" name="Test" time="103.089" errors="0" timestamp="2024-04-18T07:33:03 IST">
  <testcase classname="TestNGExample.GoogleWithAssert" name="testGooglePage" time="0.012">
    <failure type="java.lang.Error" message="Unresolved compilation problem: 
	The method assertEquals(String, String) is undefined for the type Assert
">
      <![CDATA[java.lang.Error: Unresolved compilation problem: 
The method assertEquals(String, String) is undefined for the type Assert

at TestNGExample.GoogleWithAssert.testGooglePage(GoogleWithAssert.java:17)
at java.base/java.util.ArrayList.forEach(ArrayList.java:1511)
... Removed 27 stack frames]]>
    </failure>
  </testcase> <!-- testGooglePage -->
  <testcase classname="TestNGExample.GoogleWithAssert" name="testSearchedGooglePag4" time="0.005">
    <failure type="java.lang.Error" message="Unresolved compilation problem: 
	The method assertEquals(String, String, String) is undefined for the type Assert
">
      <![CDATA[java.lang.Error: Unresolved compilation problem: 
The method assertEquals(String, String, String) is undefined for the type Assert

at TestNGExample.GoogleWithAssert.testSearchedGooglePag4(GoogleWithAssert.java:57)
at java.base/java.util.ArrayList.forEach(ArrayList.java:1511)
... Removed 27 stack frames]]>
    </failure>
  </testcase> <!-- testSearchedGooglePag4 -->
  <testcase classname="TestNGExample.GoogleWithAssert" name="testSearchedGooglePage" time="0.009">
    <failure type="java.lang.Error" message="Unresolved compilation problem: 
	The method assertEquals(String, String) is undefined for the type Assert
">
      <![CDATA[java.lang.Error: Unresolved compilation problem: 
The method assertEquals(String, String) is undefined for the type Assert

at TestNGExample.GoogleWithAssert.testSearchedGooglePage(GoogleWithAssert.java:27)
at java.base/java.util.ArrayList.forEach(ArrayList.java:1511)
... Removed 27 stack frames]]>
    </failure>
  </testcase> <!-- testSearchedGooglePage -->
  <testcase classname="TestNGExample.GoogleWithAssert" name="testSearchedGooglePage2" time="0.003">
    <failure type="java.lang.Error" message="Unresolved compilation problem: 
	The method assertEquals(String, String) is undefined for the type Assert
">
      <![CDATA[java.lang.Error: Unresolved compilation problem: 
The method assertEquals(String, String) is undefined for the type Assert

at TestNGExample.GoogleWithAssert.testSearchedGooglePage2(GoogleWithAssert.java:37)
at java.base/java.util.ArrayList.forEach(ArrayList.java:1511)
... Removed 27 stack frames]]>
    </failure>
  </testcase> <!-- testSearchedGooglePage2 -->
  <testcase classname="TestNGExample.GoogleWithAssert" name="testSearchedGooglePage3" time="0.009">
    <failure type="java.lang.Error" message="Unresolved compilation problem: 
	The method assertEquals(String, String, String) is undefined for the type Assert
">
      <![CDATA[java.lang.Error: Unresolved compilation problem: 
The method assertEquals(String, String, String) is undefined for the type Assert

at TestNGExample.GoogleWithAssert.testSearchedGooglePage3(GoogleWithAssert.java:47)
at java.base/java.util.ArrayList.forEach(ArrayList.java:1511)
... Removed 27 stack frames]]>
    </failure>
  </testcase> <!-- testSearchedGooglePage3 -->
  <testcase classname="TestNGExample.Example1SimpleTestNG" name="testcase1" time="0.01"/>
  <testcase classname="TestNGExample.Example5InvocationCount" name="testCase1" time="0.008"/>
  <testcase classname="TestNGExample.Example5InvocationCount" name="testCase1" time="0.001"/>
  <testcase classname="TestNGExample.Example5InvocationCount" name="testCase1" time="0.004"/>
  <testcase classname="TestNGExample.Example5InvocationCount" name="testCase1" time="0.011"/>
  <testcase classname="TestNGExample.Example5InvocationCount" name="testCase1" time="0.004"/>
  <testcase classname="TestNGExample.Example5InvocationCount" name="testCase2" time="2.029">
    <failure type="org.testng.internal.thread.ThreadTimeoutException" message="Method TestNGExample.Example5InvocationCount.testCase2() didn&amp;apos;t finish within the time-out 2000">
      <![CDATA[org.testng.internal.thread.ThreadTimeoutException: Method TestNGExample.Example5InvocationCount.testCase2() didn't finish within the time-out 2000
at java.base@17.0.6/java.lang.Thread.sleep(Native Method)
at app//TestNGExample.Example5InvocationCount.testCase2(Example5InvocationCount.java:16)
at java.base@17.0.6/java.util.concurrent.FutureTask.run(FutureTask.java:264)
at java.base@17.0.6/java.util.concurrent.ThreadPoolExecutor.runWorker(ThreadPoolExecutor.java:1136)
at java.base@17.0.6/java.util.concurrent.ThreadPoolExecutor$Worker.run(ThreadPoolExecutor.java:635)
at java.base@17.0.6/java.lang.Thread.run(Thread.java:833)
... Removed 8 stack frames]]>
    </failure>
  </testcase> <!-- testCase2 -->
  <testcase classname="TestNGExample.Example5InvocationCount" name="testCase4" time="1.013"/>
  <testcase classname="TestNGExample.Example2CallingTC4" name="testcase1" time="0.003"/>
  <testcase classname="TestNGExample.Example2CallingTC4" name="testcase2" time="0.005"/>
  <testcase classname="TestNGExample.Example2CallingTC4" name="testcase3" time="0.003"/>
  <testcase classname="TestNGExample.Example7CreateAccount" name="signUp" time="0.004">
    <failure type="java.lang.ArithmeticException" message="/ by zero">
      <![CDATA[java.lang.ArithmeticException: / by zero
at TestNGExample.Example7CreateAccount.signUp(Example7CreateAccount.java:9)
at java.base/java.util.ArrayList.forEach(ArrayList.java:1511)
... Removed 27 stack frames]]>
    </failure>
  </testcase> <!-- signUp -->
  <testcase classname="TestNGExample.Example7CreateAccount" name="login" time="0.001">
    <skipped/>
  </testcase> <!-- login -->
  <testcase classname="TestNGExample.Example7CreateAccount" name="composeEmail" time="0.0">
    <skipped/>
  </testcase> <!-- composeEmail -->
  <testcase classname="TestNGExample.Example7CreateAccount" name="checkDraft" time="0.0">
    <skipped/>
  </testcase> <!-- checkDraft -->
  <testcase classname="TestNGExample.Example7CreateAccount" name="checkSentItems" time="0.0">
    <skipped/>
  </testcase> <!-- checkSentItems -->
  <testcase classname="TestNGExample.Orangehrm" name="testOrangeHrmLogin_NegativeFlow" time="19.446"/>
  <testcase classname="TestNGExample.Orangehrm" name="testOrangeHrmLogin_PositiveFlow" time="15.162"/>
  <testcase classname="TestNGExample.Example4False" name="testCase4" time="0.001"/>
  <testcase classname="TestNGExample.Example4False" name="testCase1" time="0.001"/>
  <testcase classname="TestNGExample.Example4False" name="testCase2" time="0.0"/>
  <testcase classname="TestNGExample.Example3Priority" name="testcase2" time="0.001"/>
  <testcase classname="TestNGExample.Example3Priority" name="testcase3" time="0.001"/>
  <testcase classname="TestNGExample.Example3Priority" name="testcase1" time="0.0"/>
  <testcase classname="TestNGExample.Assignment" name="orangeHRM_PIMCreation" time="13.252"/>
  <testcase classname="TestNGExample.Assignment" name="orangeHRM_PIMDelete" time="13.274"/>
  <testcase classname="TestNGExample.Assignment" name="orangeHRM_PIMUpdate" time="10.909"/>
  <testcase classname="TestNGExample.Assignment" name="sourceDemoShopping" time="27.599">
    <failure type="org.openqa.selenium.NoSuchElementException" message="no such element: Unable to locate element: {&amp;quot;method&amp;quot;:&amp;quot;css selector&amp;quot;,&amp;quot;selector&amp;quot;:&amp;quot;#Password&amp;quot;}
  (Session info: chrome=123.0.6312.123)
For documentation on this error, please visit: https://www.selenium.dev/documentation/webdriver/troubleshooting/errors#no-such-element-exception
Build info: version: &amp;apos;4.16.1&amp;apos;, revision: &amp;apos;9b4c83354e&amp;apos;
System info: os.name: &amp;apos;Windows 10&amp;apos;, os.arch: &amp;apos;amd64&amp;apos;, os.version: &amp;apos;10.0&amp;apos;, java.version: &amp;apos;17.0.6&amp;apos;
Driver info: org.openqa.selenium.chrome.ChromeDriver
Command: [b491e2cfb0ab562c0ef0a99d8f8c7565, findElement {using=id, value=Password}]
Capabilities {acceptInsecureCerts: false, browserName: chrome, browserVersion: 123.0.6312.123, chrome: {chromedriverVersion: 123.0.6312.122 (31f8248cdd9..., userDataDir: C:\Users\DEEL\AppData\Local...}, fedcm:accounts: true, goog:chromeOptions: {debuggerAddress: localhost:59871}, networkConnectionEnabled: false, pageLoadStrategy: normal, platformName: windows, proxy: Proxy(), se:cdp: ws://localhost:59871/devtoo..., se:cdpVersion: 123.0.6312.123, setWindowRect: true, strictFileInteractability: false, timeouts: {implicit: 0, pageLoad: 300000, script: 30000}, unhandledPromptBehavior: dismiss and notify, webauthn:extension:credBlob: true, webauthn:extension:largeBlob: true, webauthn:extension:minPinLength: true, webauthn:extension:prf: true, webauthn:virtualAuthenticators: true}
Session ID: b491e2cfb0ab562c0ef0a99d8f8c7565">
      <![CDATA[org.openqa.selenium.NoSuchElementException: no such element: Unable to locate element: {"method":"css selector","selector":"#Password"}
  (Session info: chrome=123.0.6312.123)
For documentation on this error, please visit: https://www.selenium.dev/documentation/webdriver/troubleshooting/errors#no-such-element-exception
Build info: version: '4.16.1', revision: '9b4c83354e'
System info: os.name: 'Windows 10', os.arch: 'amd64', os.version: '10.0', java.version: '17.0.6'
Driver info: org.openqa.selenium.chrome.ChromeDriver
Command: [b491e2cfb0ab562c0ef0a99d8f8c7565, findElement {using=id, value=Password}]
Capabilities {acceptInsecureCerts: false, browserName: chrome, browserVersion: 123.0.6312.123, chrome: {chromedriverVersion: 123.0.6312.122 (31f8248cdd9..., userDataDir: C:\Users\DEEL\AppData\Local...}, fedcm:accounts: true, goog:chromeOptions: {debuggerAddress: localhost:59871}, networkConnectionEnabled: false, pageLoadStrategy: normal, platformName: windows, proxy: Proxy(), se:cdp: ws://localhost:59871/devtoo..., se:cdpVersion: 123.0.6312.123, setWindowRect: true, strictFileInteractability: false, timeouts: {implicit: 0, pageLoad: 300000, script: 30000}, unhandledPromptBehavior: dismiss and notify, webauthn:extension:credBlob: true, webauthn:extension:largeBlob: true, webauthn:extension:minPinLength: true, webauthn:extension:prf: true, webauthn:virtualAuthenticators: true}
Session ID: b491e2cfb0ab562c0ef0a99d8f8c7565
at org.openqa.selenium.remote.codec.w3c.W3CHttpResponseCodec.createException(W3CHttpResponseCodec.java:200)
at org.openqa.selenium.remote.codec.w3c.W3CHttpResponseCodec.decode(W3CHttpResponseCodec.java:133)
at org.openqa.selenium.remote.codec.w3c.W3CHttpResponseCodec.decode(W3CHttpResponseCodec.java:52)
at org.openqa.selenium.remote.HttpCommandExecutor.execute(HttpCommandExecutor.java:191)
at org.openqa.selenium.remote.service.DriverCommandExecutor.invokeExecute(DriverCommandExecutor.java:200)
at org.openqa.selenium.remote.service.DriverCommandExecutor.execute(DriverCommandExecutor.java:175)
at org.openqa.selenium.remote.RemoteWebDriver.execute(RemoteWebDriver.java:523)
at org.openqa.selenium.remote.ElementLocation$ElementFinder$2.findElement(ElementLocation.java:165)
at org.openqa.selenium.remote.ElementLocation.findElement(ElementLocation.java:59)
at org.openqa.selenium.remote.RemoteWebDriver.findElement(RemoteWebDriver.java:360)
at org.openqa.selenium.remote.RemoteWebDriver.findElement(RemoteWebDriver.java:354)
at TestNGExample.Assignment.sourceDemoShopping(Assignment.java:14)
at java.base/java.util.ArrayList.forEach(ArrayList.java:1511)
... Removed 32 stack frames]]>
    </failure>
  </testcase> <!-- sourceDemoShopping -->
  <testcase classname="TestNGExample.OrangehrmwithAssert" name="testOrangeHrmLogin_NegativeFlow" time="0.001">
    <failure type="java.lang.Error" message="Unresolved compilation problem: 
	The method assertTrue(boolean) is undefined for the type Assert
">
      <![CDATA[java.lang.Error: Unresolved compilation problem: 
The method assertTrue(boolean) is undefined for the type Assert

at TestNGExample.OrangehrmwithAssert.testOrangeHrmLogin_NegativeFlow(OrangehrmwithAssert.java:30)
at java.base/java.util.ArrayList.forEach(ArrayList.java:1511)
... Removed 27 stack frames]]>
    </failure>
  </testcase> <!-- testOrangeHrmLogin_NegativeFlow -->
  <testcase classname="TestNGExample.OrangehrmwithAssert" name="testOrangeHrmLogin_PositiveFlow" time="0.002">
    <failure type="java.lang.Error" message="Unresolved compilation problem: 
	The method assertTrue(boolean) is undefined for the type Assert
">
      <![CDATA[java.lang.Error: Unresolved compilation problem: 
The method assertTrue(boolean) is undefined for the type Assert

at TestNGExample.OrangehrmwithAssert.testOrangeHrmLogin_PositiveFlow(OrangehrmwithAssert.java:19)
at java.base/java.util.ArrayList.forEach(ArrayList.java:1511)
... Removed 27 stack frames]]>
    </failure>
  </testcase> <!-- testOrangeHrmLogin_PositiveFlow -->
  <testcase classname="TestNGExample.Example6Exception" name="testCase1" time="0.01"/>
  <testcase classname="TestNGExample.Example5InvocationCount" name="testCase3" time="0.0">
    <ignored/>
  </testcase> <!-- testCase3 -->
  <testcase classname="TestNGExample.Example4False" name="testCase3" time="0.0">
    <ignored/>
  </testcase> <!-- testCase3 -->
</testsuite> <!-- Test -->
